# JRE version: Java(TM) SE Runtime Environment (17.0.12+8) (build 17.0.12+8-LTS-286)
# Java VM: Java HotSpot(TM) 64-Bit Server VM (17.0.12+8-LTS-286, mixed mode, sharing, tiered, compressed oops, compressed class ptrs, g1 gc, windows-amd64)
GC Precious Log:
 CPUs: 12 total, 12 available
 Memory: 24418M
 Large Page Support: Disabled
 NUMA Support: Disabled
 Compressed Oops: Enabled (Zero based)
 Heap Region Size: 4M
 Heap Min Capacity: 8M
 Heap Initial Capacity: 384M
 Heap Max Capacity: 6108M
 Pre-touch: Disabled
 Parallel Workers: 10
 Concurrent Workers: 3
 Concurrent Refinement Workers: 10
 Periodic GC: Disabled
Heap:
 garbage-first heap   total 57344K, used 18689K [0x0000000682400000, 0x0000000800000000)
  region size 4096K, 2 young (8192K), 1 survivors (4096K)
 Metaspace       used 24145K, committed 24384K, reserved 1114112K
  class space    used 2746K, committed 2880K, reserved 1048576K
GC Heap History (8 events):
Event: 6.811 GC heap before
{Heap before GC invocations=0 (full 0):
 garbage-first heap   total 393216K, used 16384K [0x0000000682400000, 0x0000000800000000)
  region size 4096K, 5 young (20480K), 0 survivors (0K)
 Metaspace       used 14138K, committed 14400K, reserved 1114112K
  class space    used 1650K, committed 1792K, reserved 1048576K
}
Event: 6.817 GC heap after
{Heap after GC invocations=1 (full 0):
 garbage-first heap   total 393216K, used 6343K [0x0000000682400000, 0x0000000800000000)
  region size 4096K, 1 young (4096K), 1 survivors (4096K)
 Metaspace       used 14138K, committed 14400K, reserved 1114112K
  class space    used 1650K, committed 1792K, reserved 1048576K
}
Event: 8.892 GC heap before
{Heap before GC invocations=1 (full 0):
 garbage-first heap   total 393216K, used 14535K [0x0000000682400000, 0x0000000800000000)
  region size 4096K, 4 young (16384K), 1 survivors (4096K)
 Metaspace       used 21338K, committed 21504K, reserved 1114112K
  class space    used 2523K, committed 2624K, reserved 1048576K
}
Event: 8.897 GC heap after
{Heap after GC invocations=2 (full 0):
 garbage-first heap   total 393216K, used 8727K [0x0000000682400000, 0x0000000800000000)
  region size 4096K, 1 young (4096K), 1 survivors (4096K)
 Metaspace       used 21338K, committed 21504K, reserved 1114112K
  class space    used 2523K, committed 2624K, reserved 1048576K
}
Event: 175.244 GC heap before
{Heap before GC invocations=3 (full 0):
 garbage-first heap   total 57344K, used 33303K [0x0000000682400000, 0x0000000800000000)
  region size 4096K, 6 young (24576K), 1 survivors (4096K)
 Metaspace       used 23992K, committed 24256K, reserved 1114112K
  class space    used 2746K, committed 2880K, reserved 1048576K
}
Event: 175.246 GC heap after
{Heap after GC invocations=4 (full 0):
 garbage-first heap   total 57344K, used 18733K [0x0000000682400000, 0x0000000800000000)
  region size 4096K, 1 young (4096K), 1 survivors (4096K)
 Metaspace       used 23992K, committed 24256K, reserved 1114112K
  class space    used 2746K, committed 2880K, reserved 1048576K
}
Event: 186.411 GC heap before
{Heap before GC invocations=4 (full 0):
 garbage-first heap   total 57344K, used 22829K [0x0000000682400000, 0x0000000800000000)
  region size 4096K, 2 young (8192K), 1 survivors (4096K)
 Metaspace       used 24136K, committed 24384K, reserved 1114112K
  class space    used 2746K, committed 2880K, reserved 1048576K
}
Event: 186.415 GC heap after
{Heap after GC invocations=5 (full 0):
 garbage-first heap   total 57344K, used 18689K [0x0000000682400000, 0x0000000800000000)
  region size 4096K, 1 young (4096K), 1 survivors (4096K)
 Metaspace       used 24136K, committed 24384K, reserved 1114112K
  class space    used 2746K, committed 2880K, reserved 1048576K
}

