# JRE version: Java(TM) SE Runtime Environment (17.0.12+8) (build 17.0.12+8-LTS-286)
# Java VM: Java HotSpot(TM) 64-Bit Server VM (17.0.12+8-LTS-286, mixed mode, sharing, tiered, compressed oops, compressed class ptrs, g1 gc, windows-amd64)
GC Precious Log:
 CPUs: 12 total, 12 available
 Memory: 24418M
 Large Page Support: Disabled
 NUMA Support: Disabled
 Compressed Oops: Enabled (Zero based)
 Heap Region Size: 4M
 Heap Min Capacity: 8M
 Heap Initial Capacity: 384M
 Heap Max Capacity: 6108M
 Pre-touch: Disabled
 Parallel Workers: 10
 Concurrent Workers: 3
 Concurrent Refinement Workers: 10
 Periodic GC: Disabled
Heap:
 garbage-first heap   total 225280K, used 137538K [0x0000000682400000, 0x0000000800000000)
  region size 4096K, 30 young (122880K), 1 survivors (4096K)
 Metaspace       used 28076K, committed 28416K, reserved 1114112K
  class space    used 3191K, committed 3328K, reserved 1048576K
GC Heap History (14 events):
Event: 0.862 GC heap before
{Heap before GC invocations=0 (full 0):
 garbage-first heap   total 393216K, used 20480K [0x0000000682400000, 0x0000000800000000)
  region size 4096K, 5 young (20480K), 0 survivors (0K)
 Metaspace       used 5314K, committed 5440K, reserved 1114112K
  class space    used 633K, committed 704K, reserved 1048576K
}
Event: 0.867 GC heap after
{Heap after GC invocations=1 (full 0):
 garbage-first heap   total 393216K, used 3666K [0x0000000682400000, 0x0000000800000000)
  region size 4096K, 1 young (4096K), 1 survivors (4096K)
 Metaspace       used 5314K, committed 5440K, reserved 1114112K
  class space    used 633K, committed 704K, reserved 1048576K
}
Event: 1.300 GC heap before
{Heap before GC invocations=1 (full 0):
 garbage-first heap   total 393216K, used 24146K [0x0000000682400000, 0x0000000800000000)
  region size 4096K, 6 young (24576K), 1 survivors (4096K)
 Metaspace       used 6943K, committed 7040K, reserved 1114112K
  class space    used 835K, committed 896K, reserved 1048576K
}
Event: 1.305 GC heap after
{Heap after GC invocations=2 (full 0):
 garbage-first heap   total 393216K, used 4431K [0x0000000682400000, 0x0000000800000000)
  region size 4096K, 1 young (4096K), 1 survivors (4096K)
 Metaspace       used 6943K, committed 7040K, reserved 1114112K
  class space    used 835K, committed 896K, reserved 1048576K
}
Event: 2.887 GC heap before
{Heap before GC invocations=2 (full 0):
 garbage-first heap   total 393216K, used 61775K [0x0000000682400000, 0x0000000800000000)
  region size 4096K, 15 young (61440K), 1 survivors (4096K)
 Metaspace       used 15229K, committed 15360K, reserved 1114112K
  class space    used 1861K, committed 1920K, reserved 1048576K
}
Event: 2.891 GC heap after
{Heap after GC invocations=3 (full 0):
 garbage-first heap   total 393216K, used 8730K [0x0000000682400000, 0x0000000800000000)
  region size 4096K, 2 young (8192K), 2 survivors (8192K)
 Metaspace       used 15229K, committed 15360K, reserved 1114112K
  class space    used 1861K, committed 1920K, reserved 1048576K
}
Event: 3.973 GC heap before
{Heap before GC invocations=3 (full 0):
 garbage-first heap   total 393216K, used 41498K [0x0000000682400000, 0x0000000800000000)
  region size 4096K, 11 young (45056K), 2 survivors (8192K)
 Metaspace       used 21218K, committed 21504K, reserved 1114112K
  class space    used 2588K, committed 2752K, reserved 1048576K
}
Event: 3.979 GC heap after
{Heap after GC invocations=4 (full 0):
 garbage-first heap   total 393216K, used 11577K [0x0000000682400000, 0x0000000800000000)
  region size 4096K, 2 young (8192K), 2 survivors (8192K)
 Metaspace       used 21218K, committed 21504K, reserved 1114112K
  class space    used 2588K, committed 2752K, reserved 1048576K
}
Event: 4.444 GC heap before
{Heap before GC invocations=5 (full 0):
 garbage-first heap   total 57344K, used 36153K [0x0000000682400000, 0x0000000800000000)
  region size 4096K, 8 young (32768K), 2 survivors (8192K)
 Metaspace       used 24141K, committed 24448K, reserved 1114112K
  class space    used 2867K, committed 3008K, reserved 1048576K
}
Event: 4.460 GC heap after
{Heap after GC invocations=6 (full 0):
 garbage-first heap   total 57344K, used 20336K [0x0000000682400000, 0x0000000800000000)
  region size 4096K, 1 young (4096K), 1 survivors (4096K)
 Metaspace       used 24141K, committed 24448K, reserved 1114112K
  class space    used 2867K, committed 3008K, reserved 1048576K
}
Event: 4.561 GC heap before
{Heap before GC invocations=6 (full 0):
 garbage-first heap   total 57344K, used 24432K [0x0000000682400000, 0x0000000800000000)
  region size 4096K, 2 young (8192K), 1 survivors (4096K)
 Metaspace       used 24341K, committed 24704K, reserved 1114112K
  class space    used 2896K, committed 3072K, reserved 1048576K
}
Event: 4.584 GC heap after
{Heap after GC invocations=7 (full 0):
 garbage-first heap   total 57344K, used 20664K [0x0000000682400000, 0x0000000800000000)
  region size 4096K, 1 young (4096K), 1 survivors (4096K)
 Metaspace       used 24341K, committed 24704K, reserved 1114112K
  class space    used 2896K, committed 3072K, reserved 1048576K
}
Event: 4.691 GC heap before
{Heap before GC invocations=7 (full 0):
 garbage-first heap   total 57344K, used 32952K [0x0000000682400000, 0x0000000800000000)
  region size 4096K, 4 young (16384K), 1 survivors (4096K)
 Metaspace       used 24613K, committed 24896K, reserved 1114112K
  class space    used 2923K, committed 3072K, reserved 1048576K
}
Event: 4.701 GC heap after
{Heap after GC invocations=8 (full 0):
 garbage-first heap   total 225280K, used 22850K [0x0000000682400000, 0x0000000800000000)
  region size 4096K, 1 young (4096K), 1 survivors (4096K)
 Metaspace       used 24613K, committed 24896K, reserved 1114112K
  class space    used 2923K, committed 3072K, reserved 1048576K
}

